2023-10-29 02:25:53.831 +02:00  WRN  The ASP.NET Core developer certificate is not trusted. For information about trusting the ASP.NET Core developer certificate, see https://aka.ms/aspnet/https-trust-dev-cert.
2023-10-29 02:25:53.959 +02:00  INF  Now listening on: https://localhost:7204
2023-10-29 02:25:53.960 +02:00  INF  Now listening on: http://localhost:5055
2023-10-29 02:25:53.962 +02:00  INF  Application started. Press Ctrl+C to shut down.
2023-10-29 02:25:53.962 +02:00  INF  Hosting environment: Development
2023-10-29 02:25:53.963 +02:00  INF  Content root path: /media/mustafa/u-data/dotnet-works/drivers-back/Driver
2023-10-29 02:25:54.316 +02:00  INF  Request starting HTTP/2 GET https://localhost:7204/swagger/index.html - -
2023-10-29 02:25:54.417 +02:00  INF  Request finished HTTP/2 GET https://localhost:7204/swagger/index.html - - - 200 - text/html;charset=utf-8 102.1246ms
2023-10-29 02:25:54.441 +02:00  INF  Request starting HTTP/2 GET https://localhost:7204/swagger/swagger-ui.css - -
2023-10-29 02:25:54.441 +02:00  INF  Request starting HTTP/2 GET https://localhost:7204/swagger/swagger-ui-standalone-preset.js - -
2023-10-29 02:25:54.441 +02:00  INF  Request starting HTTP/2 GET https://localhost:7204/swagger/swagger-ui-bundle.js - -
2023-10-29 02:25:54.441 +02:00  INF  Request starting HTTP/2 GET https://localhost:7204/_framework/aspnetcore-browser-refresh.js - -
2023-10-29 02:25:54.445 +02:00  INF  Request finished HTTP/2 GET https://localhost:7204/_framework/aspnetcore-browser-refresh.js - - - 200 12054 application/javascript;+charset=utf-8 4.1257ms
2023-10-29 02:25:54.455 +02:00  INF  Sending file. Request path: '/swagger-ui-bundle.js'. Physical path: 'N/A'
2023-10-29 02:25:54.455 +02:00  INF  Sending file. Request path: '/swagger-ui.css'. Physical path: 'N/A'
2023-10-29 02:25:54.455 +02:00  INF  Sending file. Request path: '/swagger-ui-standalone-preset.js'. Physical path: 'N/A'
2023-10-29 02:25:54.456 +02:00  INF  Request finished HTTP/2 GET https://localhost:7204/swagger/swagger-ui.css - - - 200 144929 text/css 15.7282ms
2023-10-29 02:25:54.456 +02:00  INF  Request finished HTTP/2 GET https://localhost:7204/swagger/swagger-ui-standalone-preset.js - - - 200 312163 text/javascript 15.7281ms
2023-10-29 02:25:54.456 +02:00  INF  Request finished HTTP/2 GET https://localhost:7204/swagger/swagger-ui-bundle.js - - - 200 1061536 text/javascript 15.7281ms
2023-10-29 02:25:54.532 +02:00  INF  Request starting HTTP/2 GET https://localhost:7204/swagger/index.html - -
2023-10-29 02:25:54.534 +02:00  INF  Request finished HTTP/2 GET https://localhost:7204/swagger/index.html - - - 200 - text/html;charset=utf-8 2.0043ms
2023-10-29 02:25:54.556 +02:00  INF  Request starting HTTP/2 GET https://localhost:7204/swagger/swagger-ui-standalone-preset.js - -
2023-10-29 02:25:54.556 +02:00  INF  Request starting HTTP/2 GET https://localhost:7204/_framework/aspnetcore-browser-refresh.js - -
2023-10-29 02:25:54.557 +02:00  INF  Request finished HTTP/2 GET https://localhost:7204/_framework/aspnetcore-browser-refresh.js - - - 200 12054 application/javascript;+charset=utf-8 0.9270ms
2023-10-29 02:25:54.558 +02:00  INF  Sending file. Request path: '/swagger-ui-standalone-preset.js'. Physical path: 'N/A'
2023-10-29 02:25:54.558 +02:00  INF  Request finished HTTP/2 GET https://localhost:7204/swagger/swagger-ui-standalone-preset.js - - - 200 312163 text/javascript 2.1258ms
2023-10-29 02:25:54.667 +02:00  INF  Request starting HTTP/2 GET https://localhost:7204/swagger/v1/swagger.json - -
2023-10-29 02:25:54.695 +02:00  INF  Request starting HTTP/2 GET https://localhost:7204/swagger/favicon-32x32.png - -
2023-10-29 02:25:54.696 +02:00  INF  Sending file. Request path: '/favicon-32x32.png'. Physical path: 'N/A'
2023-10-29 02:25:54.696 +02:00  INF  Request finished HTTP/2 GET https://localhost:7204/swagger/favicon-32x32.png - - - 200 628 image/png 0.5980ms
2023-10-29 02:25:54.742 +02:00  INF  Request finished HTTP/2 GET https://localhost:7204/swagger/v1/swagger.json - - - 200 - application/json;charset=utf-8 75.4067ms
2023-10-29 02:26:02.558 +02:00  INF  Request starting HTTP/2 GET https://localhost:7204/swagger/index.html - -
2023-10-29 02:26:02.559 +02:00  INF  Request finished HTTP/2 GET https://localhost:7204/swagger/index.html - - - 200 - text/html;charset=utf-8 0.9078ms
2023-10-29 02:26:02.573 +02:00  INF  Request starting HTTP/2 GET https://localhost:7204/_framework/aspnetcore-browser-refresh.js - -
2023-10-29 02:26:02.573 +02:00  INF  Request finished HTTP/2 GET https://localhost:7204/_framework/aspnetcore-browser-refresh.js - - - 200 12054 application/javascript;+charset=utf-8 0.4632ms
2023-10-29 02:26:02.631 +02:00  INF  Request starting HTTP/2 GET https://localhost:7204/swagger/v1/swagger.json - -
2023-10-29 02:26:02.635 +02:00  INF  Request finished HTTP/2 GET https://localhost:7204/swagger/v1/swagger.json - - - 200 - application/json;charset=utf-8 4.0315ms
2023-10-29 02:26:02.638 +02:00  INF  Request starting HTTP/2 GET https://localhost:7204/swagger/favicon-32x32.png - -
2023-10-29 02:26:02.639 +02:00  INF  Sending file. Request path: '/favicon-32x32.png'. Physical path: 'N/A'
2023-10-29 02:26:02.639 +02:00  INF  Request finished HTTP/2 GET https://localhost:7204/swagger/favicon-32x32.png - - - 200 628 image/png 0.6803ms
2023-10-29 02:26:03.325 +02:00  INF  Request starting HTTP/2 GET https://localhost:7204/swagger/index.html - -
2023-10-29 02:26:03.330 +02:00  INF  Request finished HTTP/2 GET https://localhost:7204/swagger/index.html - - - 200 - text/html;charset=utf-8 4.9116ms
2023-10-29 02:26:03.341 +02:00  INF  Request starting HTTP/2 GET https://localhost:7204/_framework/aspnetcore-browser-refresh.js - -
2023-10-29 02:26:03.341 +02:00  INF  Request finished HTTP/2 GET https://localhost:7204/_framework/aspnetcore-browser-refresh.js - - - 200 12054 application/javascript;+charset=utf-8 0.2978ms
2023-10-29 02:26:03.390 +02:00  INF  Request starting HTTP/2 GET https://localhost:7204/swagger/v1/swagger.json - -
2023-10-29 02:26:03.395 +02:00  INF  Request finished HTTP/2 GET https://localhost:7204/swagger/v1/swagger.json - - - 200 - application/json;charset=utf-8 5.3668ms
2023-10-29 02:26:03.397 +02:00  INF  Request starting HTTP/2 GET https://localhost:7204/swagger/favicon-32x32.png - -
2023-10-29 02:26:03.397 +02:00  INF  Sending file. Request path: '/favicon-32x32.png'. Physical path: 'N/A'
2023-10-29 02:26:03.397 +02:00  INF  Request finished HTTP/2 GET https://localhost:7204/swagger/favicon-32x32.png - - - 200 628 image/png 0.3412ms
2023-10-29 02:26:04.084 +02:00  INF  Request starting HTTP/2 GET https://localhost:7204/swagger/index.html - -
2023-10-29 02:26:04.085 +02:00  INF  Request finished HTTP/2 GET https://localhost:7204/swagger/index.html - - - 200 - text/html;charset=utf-8 0.9356ms
2023-10-29 02:26:04.096 +02:00  INF  Request starting HTTP/2 GET https://localhost:7204/_framework/aspnetcore-browser-refresh.js - -
2023-10-29 02:26:04.096 +02:00  INF  Request finished HTTP/2 GET https://localhost:7204/_framework/aspnetcore-browser-refresh.js - - - 200 12054 application/javascript;+charset=utf-8 0.3237ms
2023-10-29 02:26:04.139 +02:00  INF  Request starting HTTP/2 GET https://localhost:7204/swagger/v1/swagger.json - -
2023-10-29 02:26:04.142 +02:00  INF  Request finished HTTP/2 GET https://localhost:7204/swagger/v1/swagger.json - - - 200 - application/json;charset=utf-8 3.0294ms
2023-10-29 02:26:04.146 +02:00  INF  Request starting HTTP/2 GET https://localhost:7204/swagger/favicon-32x32.png - -
2023-10-29 02:26:04.147 +02:00  INF  Sending file. Request path: '/favicon-32x32.png'. Physical path: 'N/A'
2023-10-29 02:26:04.147 +02:00  INF  Request finished HTTP/2 GET https://localhost:7204/swagger/favicon-32x32.png - - - 200 628 image/png 0.4355ms
2023-10-29 02:26:20.270 +02:00  INF  Request starting HTTP/2 GET https://localhost:7204/alphabetizer?input=Oliver%20Johnson - -
2023-10-29 02:26:20.273 +02:00  INF  Executing endpoint 'Driver.Controllers.AlphabetizerController.AlphabetizeString (Driver)'
2023-10-29 02:26:20.281 +02:00  INF  Route matched with {action = "AlphabetizeString", controller = "Alphabetizer"}. Executing controller action with signature Microsoft.AspNetCore.Mvc.ActionResult`1[Driver.Helper.APIResponse`1[System.String]] AlphabetizeString(System.String) on controller Driver.Controllers.AlphabetizerController (Driver).
2023-10-29 02:26:20.292 +02:00  INF  Executing OkObjectResult, writing value of type 'Driver.Helper.APIResponse`1[[System.String, System.Private.CoreLib, Version=7.0.0.0, Culture=neutral, PublicKeyToken=7cec85d7bea7798e]]'.
2023-10-29 02:26:20.299 +02:00  INF  Executed action Driver.Controllers.AlphabetizerController.AlphabetizeString (Driver) in 14.6971ms
2023-10-29 02:26:20.299 +02:00  INF  Executed endpoint 'Driver.Controllers.AlphabetizerController.AlphabetizeString (Driver)'
2023-10-29 02:26:20.300 +02:00  INF  Request finished HTTP/2 GET https://localhost:7204/alphabetizer?input=Oliver%20Johnson - - - 200 - application/json;+charset=utf-8 29.2595ms
2023-10-29 02:26:22.612 +02:00  INF  Request starting HTTP/2 GET https://localhost:7204/alphabetizer?input=Oliver%20Johnson - -
2023-10-29 02:26:22.612 +02:00  INF  Executing endpoint 'Driver.Controllers.AlphabetizerController.AlphabetizeString (Driver)'
2023-10-29 02:26:22.621 +02:00  INF  Route matched with {action = "AlphabetizeString", controller = "Alphabetizer"}. Executing controller action with signature Microsoft.AspNetCore.Mvc.ActionResult`1[Driver.Helper.APIResponse`1[System.String]] AlphabetizeString(System.String) on controller Driver.Controllers.AlphabetizerController (Driver).
2023-10-29 02:26:22.622 +02:00  INF  Executing OkObjectResult, writing value of type 'Driver.Helper.APIResponse`1[[System.String, System.Private.CoreLib, Version=7.0.0.0, Culture=neutral, PublicKeyToken=7cec85d7bea7798e]]'.
2023-10-29 02:26:22.623 +02:00  INF  Executed action Driver.Controllers.AlphabetizerController.AlphabetizeString (Driver) in 1.1472ms
2023-10-29 02:26:22.623 +02:00  INF  Executed endpoint 'Driver.Controllers.AlphabetizerController.AlphabetizeString (Driver)'
2023-10-29 02:26:22.623 +02:00  INF  Request finished HTTP/2 GET https://localhost:7204/alphabetizer?input=Oliver%20Johnson - - - 200 - application/json;+charset=utf-8 10.8327ms
2023-10-29 02:26:24.825 +02:00  INF  Application is shutting down...
