2023-11-02 16:33:21.082 +02:00  WRN  The ASP.NET Core developer certificate is not trusted. For information about trusting the ASP.NET Core developer certificate, see https://aka.ms/aspnet/https-trust-dev-cert.
2023-11-02 16:33:21.215 +02:00  INF  Now listening on: https://localhost:7204
2023-11-02 16:33:21.216 +02:00  INF  Now listening on: http://localhost:5055
2023-11-02 16:33:21.217 +02:00  INF  Application started. Press Ctrl+C to shut down.
2023-11-02 16:33:21.217 +02:00  INF  Hosting environment: Development
2023-11-02 16:33:21.217 +02:00  INF  Content root path: /media/mustafa/u-data/dotnet-works/drivers-back/Driver
2023-11-02 16:33:36.448 +02:00  INF  Request starting HTTP/2 GET https://localhost:7204/ - -
2023-11-02 16:33:36.488 +02:00  INF  Request finished HTTP/2 GET https://localhost:7204/ - - - 404 0 - 40.5358ms
2023-11-02 16:33:37.428 +02:00  INF  Request starting HTTP/2 GET https://localhost:7204/ - -
2023-11-02 16:33:37.431 +02:00  INF  Request finished HTTP/2 GET https://localhost:7204/ - - - 404 0 - 2.4780ms
2023-11-02 16:33:37.788 +02:00  INF  Request starting HTTP/2 GET https://localhost:7204/ - -
2023-11-02 16:33:37.790 +02:00  INF  Request finished HTTP/2 GET https://localhost:7204/ - - - 404 0 - 1.7502ms
2023-11-02 16:33:51.402 +02:00  INF  Request starting HTTP/2 GET https://localhost:7204/swagger/index.html - -
2023-11-02 16:33:51.489 +02:00  INF  Request finished HTTP/2 GET https://localhost:7204/swagger/index.html - - - 200 - text/html;charset=utf-8 87.1400ms
2023-11-02 16:33:51.532 +02:00  INF  Request starting HTTP/2 GET https://localhost:7204/_framework/aspnetcore-browser-refresh.js - -
2023-11-02 16:33:51.532 +02:00  INF  Request starting HTTP/2 GET https://localhost:7204/swagger/swagger-ui.css - -
2023-11-02 16:33:51.532 +02:00  INF  Request starting HTTP/2 GET https://localhost:7204/swagger/swagger-ui-bundle.js - -
2023-11-02 16:33:51.532 +02:00  INF  Request starting HTTP/2 GET https://localhost:7204/swagger/swagger-ui-standalone-preset.js - -
2023-11-02 16:33:51.537 +02:00  INF  Request finished HTTP/2 GET https://localhost:7204/_framework/aspnetcore-browser-refresh.js - - - 200 12054 application/javascript;+charset=utf-8 4.4550ms
2023-11-02 16:33:51.554 +02:00  INF  Sending file. Request path: '/swagger-ui.css'. Physical path: 'N/A'
2023-11-02 16:33:51.554 +02:00  INF  Sending file. Request path: '/swagger-ui-bundle.js'. Physical path: 'N/A'
2023-11-02 16:33:51.554 +02:00  INF  Sending file. Request path: '/swagger-ui-standalone-preset.js'. Physical path: 'N/A'
2023-11-02 16:33:51.556 +02:00  INF  Request finished HTTP/2 GET https://localhost:7204/swagger/swagger-ui-standalone-preset.js - - - 200 312163 text/javascript 23.7937ms
2023-11-02 16:33:51.556 +02:00  INF  Request finished HTTP/2 GET https://localhost:7204/swagger/swagger-ui-bundle.js - - - 200 1061536 text/javascript 23.7937ms
2023-11-02 16:33:51.556 +02:00  INF  Request finished HTTP/2 GET https://localhost:7204/swagger/swagger-ui.css - - - 200 144929 text/css 23.7936ms
2023-11-02 16:33:51.796 +02:00  INF  Request starting HTTP/2 GET https://localhost:7204/swagger/v1/swagger.json - -
2023-11-02 16:33:51.910 +02:00  INF  Request finished HTTP/2 GET https://localhost:7204/swagger/v1/swagger.json - - - 200 - application/json;charset=utf-8 114.6966ms
2023-11-02 16:37:20.951 +02:00  INF  Request starting HTTP/2 GET https://localhost:7204/Driver - -
2023-11-02 16:37:20.955 +02:00  INF  Executing endpoint 'Driver.Controllers.DriverController.Get (Driver)'
2023-11-02 16:37:20.965 +02:00  INF  Route matched with {action = "Get", controller = "Driver"}. Executing controller action with signature Microsoft.AspNetCore.Mvc.ActionResult`1[Driver.Helper.APIResponse`1[System.Collections.Generic.IEnumerable`1[Driver.Entities.DriverEntity]]] Get() on controller Driver.Controllers.DriverController (Driver).
2023-11-02 16:37:20.976 +02:00  INF  Executing OkObjectResult, writing value of type 'Driver.Helper.APIResponse`1[[System.Collections.Generic.IEnumerable`1[[Driver.Entities.DriverEntity, Driver, Version=1.0.0.0, Culture=neutral, PublicKeyToken=null]], System.Private.CoreLib, Version=7.0.0.0, Culture=neutral, PublicKeyToken=7cec85d7bea7798e]]'.
2023-11-02 16:37:20.987 +02:00  INF  Executed action Driver.Controllers.DriverController.Get (Driver) in 17.1189ms
2023-11-02 16:37:20.988 +02:00  INF  Executed endpoint 'Driver.Controllers.DriverController.Get (Driver)'
2023-11-02 16:37:20.988 +02:00  INF  Request finished HTTP/2 GET https://localhost:7204/Driver - - - 200 - application/json;+charset=utf-8 37.0351ms
2023-11-02 16:38:16.421 +02:00  INF  Request starting HTTP/2 POST https://localhost:7204/Driver application/json 98
2023-11-02 16:38:16.422 +02:00  INF  Executing endpoint 'Driver.Controllers.DriverController.Create (Driver)'
2023-11-02 16:38:16.427 +02:00  INF  Route matched with {action = "Create", controller = "Driver"}. Executing controller action with signature Microsoft.AspNetCore.Mvc.ActionResult`1[Driver.Helper.APIResponse`1[Driver.Entities.DriverEntity]] Create(Driver.Entities.DriverEntity) on controller Driver.Controllers.DriverController (Driver).
2023-11-02 16:38:16.448 +02:00  INF  Executing BadRequestObjectResult, writing value of type 'Microsoft.AspNetCore.Mvc.ValidationProblemDetails'.
2023-11-02 16:38:16.450 +02:00  INF  Executed action Driver.Controllers.DriverController.Create (Driver) in 22.5111ms
2023-11-02 16:38:16.450 +02:00  INF  Executed endpoint 'Driver.Controllers.DriverController.Create (Driver)'
2023-11-02 16:38:16.450 +02:00  INF  Request finished HTTP/2 POST https://localhost:7204/Driver application/json 98 - 400 - application/problem+json;+charset=utf-8 29.0043ms
2023-11-02 16:38:28.431 +02:00  INF  Request starting HTTP/2 POST https://localhost:7204/Driver application/json 108
2023-11-02 16:38:28.431 +02:00  INF  Executing endpoint 'Driver.Controllers.DriverController.Create (Driver)'
2023-11-02 16:38:28.432 +02:00  INF  Route matched with {action = "Create", controller = "Driver"}. Executing controller action with signature Microsoft.AspNetCore.Mvc.ActionResult`1[Driver.Helper.APIResponse`1[Driver.Entities.DriverEntity]] Create(Driver.Entities.DriverEntity) on controller Driver.Controllers.DriverController (Driver).
2023-11-02 16:38:28.471 +02:00  INF  Executing OkObjectResult, writing value of type 'Driver.Helper.APIResponse`1[[Driver.Entities.DriverEntity, Driver, Version=1.0.0.0, Culture=neutral, PublicKeyToken=null]]'.
2023-11-02 16:38:28.476 +02:00  INF  Executed action Driver.Controllers.DriverController.Create (Driver) in 44.1472ms
2023-11-02 16:38:28.476 +02:00  INF  Executed endpoint 'Driver.Controllers.DriverController.Create (Driver)'
2023-11-02 16:38:28.476 +02:00  INF  Request finished HTTP/2 POST https://localhost:7204/Driver application/json 108 - 200 - application/json;+charset=utf-8 45.0998ms
2023-11-02 17:05:51.103 +02:00  INF  Application is shutting down...
